<?xml version="1.0" encoding="UTF-8"?>
<testng-results ignored="0" total="1" passed="1" failed="0" skipped="0">
  <reporter-output>
  </reporter-output>
  <suite started-at="2024-02-29T20:30:25 IST" name="Suite" finished-at="2024-02-29T20:30:27 IST" duration-ms="2075">
    <groups>
    </groups>
    <test started-at="2024-02-29T20:30:25 IST" name="Test" finished-at="2024-02-29T20:30:27 IST" duration-ms="2075">
      <class name="runner_script.TestCase">
        <test-method is-config="true" signature="openAppn()[pri:0, instance:runner_script.TestCase@31e5415e]" started-at="2024-02-29T20:30:25 IST" name="openAppn" finished-at="2024-02-29T20:30:27 IST" duration-ms="1688" status="PASS">
          <reporter-output>
          </reporter-output>
        </test-method> <!-- openAppn -->
        <test-method signature="login()[pri:0, instance:runner_script.TestCase@31e5415e]" started-at="2024-02-29T20:30:27 IST" name="login" finished-at="2024-02-29T20:30:27 IST" duration-ms="220" status="PASS">
          <reporter-output>
          </reporter-output>
        </test-method> <!-- login -->
        <test-method is-config="true" signature="closeAppn()[pri:0, instance:runner_script.TestCase@31e5415e]" started-at="2024-02-29T20:30:27 IST" name="closeAppn" finished-at="2024-02-29T20:30:27 IST" duration-ms="140" status="PASS">
          <reporter-output>
          </reporter-output>
        </test-method> <!-- closeAppn -->
      </class> <!-- runner_script.TestCase -->
    </test> <!-- Test -->
  </suite> <!-- Suite -->
</testng-results>
